<?xml version="1.0" encoding="UTF-8"?>
<!-- Generated by org.testng.reporters.JUnitReportReporter -->
<testsuite skipped="0" hostname="Aozgur-Air.lan" name="Tests.DesignMaticMainPage1Test" tests="1" failures="0" timestamp="14 Dec 2019 08:39:26 GMT" time="8.770" errors="0">
  <testcase name="getTitle" time="8.770" classname="Tests.DesignMaticMainPage1Test"/>
</testsuite> <!-- Tests.DesignMaticMainPage1Test -->
