<?xml version="1.0" encoding="UTF-8"?>
<!-- Generated by org.testng.reporters.JUnitReportReporter -->
<testsuite skipped="0" hostname="Aozgur-Air.lan" name="Tests.seco" tests="5" failures="0" timestamp="22 Nov 2019 02:41:53 GMT" time="0.015" errors="0">
  <testcase name="addAddress" time="0.002" classname="Tests.seco"/>
  <testcase name="searchProduct" time="0.006" classname="Tests.seco"/>
  <testcase name="payMoney" time="0.005" classname="Tests.seco"/>
  <testcase name="addProduct" time="0.001" classname="Tests.seco"/>
  <testcase name="placeOrder" time="0.001" classname="Tests.seco"/>
</testsuite> <!-- Tests.seco -->
